\BOOKMARK [0][]{chapter*.1}{Summary \(English\)}{}% 1
\BOOKMARK [0][]{chapter*.2}{Summary \(Danish\)}{}% 2
\BOOKMARK [0][]{chapter*.3}{Preface}{}% 3
\BOOKMARK [0][]{chapter*.4}{Acknowledgements}{}% 4
\BOOKMARK [0][]{toc.0}{Contents}{}% 5
\BOOKMARK [0][]{chapter.1}{1 Introduction}{}% 6
\BOOKMARK [1][]{section.1.1}{1.1 Architecture and Model}{chapter.1}% 7
\BOOKMARK [1][]{section.1.2}{1.2 Requirements}{chapter.1}% 8
\BOOKMARK [1][]{section.1.3}{1.3 Contributions}{chapter.1}% 9
\BOOKMARK [0][]{chapter.2}{2 Caching Approaches}{}% 10
\BOOKMARK [1][]{section.2.1}{2.1 Caching Granularity}{chapter.2}% 11
\BOOKMARK [2][]{subsection.2.1.1}{2.1.1 Database Query Caching}{section.2.1}% 12
\BOOKMARK [2][]{subsection.2.1.2}{2.1.2 Materialized Views}{section.2.1}% 13
\BOOKMARK [2][]{subsection.2.1.3}{2.1.3 Function Caching}{section.2.1}% 14
\BOOKMARK [2][]{subsection.2.1.4}{2.1.4 HTTP Response Caching}{section.2.1}% 15
\BOOKMARK [1][]{section.2.2}{2.2 Cache Invalidation Techniques}{chapter.2}% 16
\BOOKMARK [2][]{subsection.2.2.1}{2.2.1 Key-based Invalidation}{section.2.2}% 17
\BOOKMARK [2][]{subsection.2.2.2}{2.2.2 Trigger-based Invalidation}{section.2.2}% 18
\BOOKMARK [2][]{subsection.2.2.3}{2.2.3 Expiration-based Invalidation}{section.2.2}% 19
\BOOKMARK [1][]{section.2.3}{2.3 Automatic Cache Invalidation}{chapter.2}% 20
\BOOKMARK [1][]{section.2.4}{2.4 Discussion}{chapter.2}% 21
\BOOKMARK [0][]{appendix.A}{A Stuff}{}% 22
